C:\CSC\Projects\MyWebApp\MyWebApp.UI\client\dist\out-tsc\app\app-routing.module.js
C:\CSC\Projects\MyWebApp\MyWebApp.UI\client\dist\out-tsc\app\app-routing.module.js.map
C:\CSC\Projects\MyWebApp\MyWebApp.UI\client\dist\out-tsc\app\app.component.js
C:\CSC\Projects\MyWebApp\MyWebApp.UI\client\dist\out-tsc\app\app.component.js.map
C:\CSC\Projects\MyWebApp\MyWebApp.UI\client\dist\out-tsc\app\app.module.js
C:\CSC\Projects\MyWebApp\MyWebApp.UI\client\dist\out-tsc\app\app.module.js.map
C:\CSC\Projects\MyWebApp\MyWebApp.UI\client\dist\out-tsc\environments\environment.js
C:\CSC\Projects\MyWebApp\MyWebApp.UI\client\dist\out-tsc\environments\environment.js.map
C:\CSC\Projects\MyWebApp\MyWebApp.UI\client\dist\out-tsc\main.js
C:\CSC\Projects\MyWebApp\MyWebApp.UI\client\dist\out-tsc\main.js.map
C:\CSC\Projects\MyWebApp\MyWebApp.UI\client\dist\out-tsc\polyfills.js
C:\CSC\Projects\MyWebApp\MyWebApp.UI\client\dist\out-tsc\polyfills.js.map
C:\CSC\Projects\MyWebApp\MyWebApp.UI\client\dist\out-tsc\test.js
C:\CSC\Projects\MyWebApp\MyWebApp.UI\client\dist\out-tsc\test.js.map
C:\CSC\Projects\MyWebApp\MyWebApp.UI\client\dist\out-tsc\environments\environment.prod.js
C:\CSC\Projects\MyWebApp\MyWebApp.UI\client\dist\out-tsc\environments\environment.prod.js.map
C:\CSC\Projects\MyWebApp\MyWebApp.UI\client\dist\out-tsc\e2e\app.po.js
C:\CSC\Projects\MyWebApp\MyWebApp.UI\client\dist\out-tsc\e2e\app.po.js.map
C:\CSC\Projects\MyWebApp\MyWebApp.UI\client\dist\out-tsc\e2e\app.e2e-spec.js
C:\CSC\Projects\MyWebApp\MyWebApp.UI\client\dist\out-tsc\e2e\app.e2e-spec.js.map
C:\CSC\Projects\MyWebApp\MyWebApp.UI\client\dist\out-tsc\app\app.component.spec.js
C:\CSC\Projects\MyWebApp\MyWebApp.UI\client\dist\out-tsc\app\app.component.spec.js.map
C:\CSC\Projects\MyWebApp\MyWebApp.UI\client\dist\out-tsc\app\app-routing.module.js
C:\CSC\Projects\MyWebApp\MyWebApp.UI\client\dist\out-tsc\app\app-routing.module.js.map
C:\CSC\Projects\MyWebApp\MyWebApp.UI\client\dist\out-tsc\app\app.component.js
C:\CSC\Projects\MyWebApp\MyWebApp.UI\client\dist\out-tsc\app\app.component.js.map
C:\CSC\Projects\MyWebApp\MyWebApp.UI\client\dist\out-tsc\app\app.module.js
C:\CSC\Projects\MyWebApp\MyWebApp.UI\client\dist\out-tsc\app\app.module.js.map
C:\CSC\Projects\MyWebApp\MyWebApp.UI\client\dist\out-tsc\environments\environment.js
C:\CSC\Projects\MyWebApp\MyWebApp.UI\client\dist\out-tsc\environments\environment.js.map
C:\CSC\Projects\MyWebApp\MyWebApp.UI\client\dist\out-tsc\main.js
C:\CSC\Projects\MyWebApp\MyWebApp.UI\client\dist\out-tsc\main.js.map
C:\CSC\Projects\MyWebApp\MyWebApp.UI\client\dist\out-tsc\polyfills.js
C:\CSC\Projects\MyWebApp\MyWebApp.UI\client\dist\out-tsc\polyfills.js.map
C:\CSC\Projects\MyWebApp\MyWebApp.UI\client\dist\out-tsc\test.js
C:\CSC\Projects\MyWebApp\MyWebApp.UI\client\dist\out-tsc\test.js.map
C:\CSC\Projects\MyWebApp\MyWebApp.UI\client\dist\out-tsc\environments\environment.prod.js
C:\CSC\Projects\MyWebApp\MyWebApp.UI\client\dist\out-tsc\environments\environment.prod.js.map
C:\CSC\Projects\MyWebApp\MyWebApp.UI\client\dist\out-tsc\e2e\app.po.js
C:\CSC\Projects\MyWebApp\MyWebApp.UI\client\dist\out-tsc\e2e\app.po.js.map
C:\CSC\Projects\MyWebApp\MyWebApp.UI\client\dist\out-tsc\e2e\app.e2e-spec.js
C:\CSC\Projects\MyWebApp\MyWebApp.UI\client\dist\out-tsc\e2e\app.e2e-spec.js.map
C:\CSC\Projects\MyWebApp\MyWebApp.UI\client\dist\out-tsc\app\app.component.spec.js
C:\CSC\Projects\MyWebApp\MyWebApp.UI\client\dist\out-tsc\app\app.component.spec.js.map
C:\CSC\Projects\MyWebApp\MyWebApp.UI\client\dist\out-tsc\app\app-routing.module.js
C:\CSC\Projects\MyWebApp\MyWebApp.UI\client\dist\out-tsc\app\app-routing.module.js.map
C:\CSC\Projects\MyWebApp\MyWebApp.UI\client\dist\out-tsc\app\app.component.js
C:\CSC\Projects\MyWebApp\MyWebApp.UI\client\dist\out-tsc\app\app.component.js.map
C:\CSC\Projects\MyWebApp\MyWebApp.UI\client\dist\out-tsc\app\app.module.js
C:\CSC\Projects\MyWebApp\MyWebApp.UI\client\dist\out-tsc\app\app.module.js.map
C:\CSC\Projects\MyWebApp\MyWebApp.UI\client\dist\out-tsc\environments\environment.js
C:\CSC\Projects\MyWebApp\MyWebApp.UI\client\dist\out-tsc\environments\environment.js.map
C:\CSC\Projects\MyWebApp\MyWebApp.UI\client\dist\out-tsc\main.js
C:\CSC\Projects\MyWebApp\MyWebApp.UI\client\dist\out-tsc\main.js.map
C:\CSC\Projects\MyWebApp\MyWebApp.UI\client\dist\out-tsc\polyfills.js
C:\CSC\Projects\MyWebApp\MyWebApp.UI\client\dist\out-tsc\polyfills.js.map
C:\CSC\Projects\MyWebApp\MyWebApp.UI\client\dist\out-tsc\test.js
C:\CSC\Projects\MyWebApp\MyWebApp.UI\client\dist\out-tsc\test.js.map
C:\CSC\Projects\MyWebApp\MyWebApp.UI\client\dist\out-tsc\environments\environment.prod.js
C:\CSC\Projects\MyWebApp\MyWebApp.UI\client\dist\out-tsc\environments\environment.prod.js.map
C:\CSC\Projects\MyWebApp\MyWebApp.UI\client\dist\out-tsc\e2e\app.po.js
C:\CSC\Projects\MyWebApp\MyWebApp.UI\client\dist\out-tsc\e2e\app.po.js.map
C:\CSC\Projects\MyWebApp\MyWebApp.UI\client\dist\out-tsc\e2e\app.e2e-spec.js
C:\CSC\Projects\MyWebApp\MyWebApp.UI\client\dist\out-tsc\e2e\app.e2e-spec.js.map
C:\CSC\Projects\MyWebApp\MyWebApp.UI\client\dist\out-tsc\app\app.component.spec.js
C:\CSC\Projects\MyWebApp\MyWebApp.UI\client\dist\out-tsc\app\app.component.spec.js.map
C:\CSC\Projects\MyWebApp\MyWebApp.UI\client\dist\out-tsc\app-routing.module.js
C:\CSC\Projects\MyWebApp\MyWebApp.UI\client\dist\out-tsc\app-routing.module.js.map
C:\CSC\Projects\MyWebApp\MyWebApp.UI\client\dist\out-tsc\app.component.js
C:\CSC\Projects\MyWebApp\MyWebApp.UI\client\dist\out-tsc\app.component.js.map
C:\CSC\Projects\MyWebApp\MyWebApp.UI\client\dist\out-tsc\app.component.spec.js
C:\CSC\Projects\MyWebApp\MyWebApp.UI\client\dist\out-tsc\app.component.spec.js.map
C:\CSC\Projects\MyWebApp\MyWebApp.UI\client\dist\out-tsc\app.module.js
C:\CSC\Projects\MyWebApp\MyWebApp.UI\client\dist\out-tsc\app.module.js.map
C:\CSC\Projects\MyWebApp\MyWebApp.UI\client\dist\out-tsc\app\app-routing.module.js
C:\CSC\Projects\MyWebApp\MyWebApp.UI\client\dist\out-tsc\app\app-routing.module.js.map
C:\CSC\Projects\MyWebApp\MyWebApp.UI\client\dist\out-tsc\app\app.component.js
C:\CSC\Projects\MyWebApp\MyWebApp.UI\client\dist\out-tsc\app\app.component.js.map
C:\CSC\Projects\MyWebApp\MyWebApp.UI\client\dist\out-tsc\app\app.module.js
C:\CSC\Projects\MyWebApp\MyWebApp.UI\client\dist\out-tsc\app\app.module.js.map
C:\CSC\Projects\MyWebApp\MyWebApp.UI\client\dist\out-tsc\environments\environment.js
C:\CSC\Projects\MyWebApp\MyWebApp.UI\client\dist\out-tsc\environments\environment.js.map
C:\CSC\Projects\MyWebApp\MyWebApp.UI\client\dist\out-tsc\main.js
C:\CSC\Projects\MyWebApp\MyWebApp.UI\client\dist\out-tsc\main.js.map
C:\CSC\Projects\MyWebApp\MyWebApp.UI\client\dist\out-tsc\polyfills.js
C:\CSC\Projects\MyWebApp\MyWebApp.UI\client\dist\out-tsc\polyfills.js.map
C:\CSC\Projects\MyWebApp\MyWebApp.UI\client\dist\out-tsc\test.js
C:\CSC\Projects\MyWebApp\MyWebApp.UI\client\dist\out-tsc\test.js.map
C:\CSC\Projects\MyWebApp\MyWebApp.UI\client\dist\out-tsc\app\app.component.spec.js
C:\CSC\Projects\MyWebApp\MyWebApp.UI\client\dist\out-tsc\app\app.component.spec.js.map
